2024-11-24 22:13:05,051 - INFO - Using provided rate limits: 50 requests/min, 40000 tokens/min
2024-11-24 22:13:05,064 - INFO - Using provided rate limits: 50 requests/min, 40000 tokens/min
2024-11-24 22:13:05,652 - INFO - Using provided rate limits: 50 requests/min, 40000 tokens/min
2024-11-24 22:13:05,666 - INFO - Using provided rate limits: 50 requests/min, 40000 tokens/min
2024-11-24 22:13:06,088 - INFO - Using provided rate limits: 50 requests/min, 40000 tokens/min
2024-11-24 22:13:06,101 - INFO - Using provided rate limits: 50 requests/min, 40000 tokens/min
2024-11-24 22:14:09,901 - INFO - Using provided rate limits: 50 requests/min, 40000 tokens/min
2024-11-24 22:14:09,915 - INFO - Using provided rate limits: 50 requests/min, 40000 tokens/min
2024-11-24 22:14:36,418 - INFO - Using provided rate limits: 50 requests/min, 40000 tokens/min
2024-11-24 22:14:36,431 - INFO - Using provided rate limits: 50 requests/min, 40000 tokens/min
2024-11-24 22:14:37,145 - INFO - Using provided rate limits: 50 requests/min, 40000 tokens/min
2024-11-24 22:14:37,159 - INFO - Using provided rate limits: 50 requests/min, 40000 tokens/min
2024-11-24 22:14:37,607 - INFO - Using provided rate limits: 50 requests/min, 40000 tokens/min
2024-11-24 22:14:37,620 - INFO - Using provided rate limits: 50 requests/min, 40000 tokens/min
2024-11-24 22:16:20,977 - INFO - Using provided rate limits: 50 requests/min, 40000 tokens/min
2024-11-24 22:16:20,991 - INFO - Using provided rate limits: 50 requests/min, 40000 tokens/min
2024-11-24 22:17:08,150 - INFO - Using provided rate limits: 50 requests/min, 40000 tokens/min
2024-11-24 22:17:08,163 - INFO - Using provided rate limits: 50 requests/min, 40000 tokens/min
2024-11-24 22:17:08,889 - INFO - Using provided rate limits: 50 requests/min, 40000 tokens/min
2024-11-24 22:17:08,903 - INFO - Using provided rate limits: 50 requests/min, 40000 tokens/min
2024-11-24 22:17:09,336 - INFO - Using provided rate limits: 50 requests/min, 40000 tokens/min
2024-11-24 22:17:09,350 - INFO - Using provided rate limits: 50 requests/min, 40000 tokens/min
2024-11-24 22:18:43,100 - INFO - Using provided rate limits: 50 requests/min, 40000 tokens/min
2024-11-24 22:18:43,113 - INFO - Using provided rate limits: 50 requests/min, 40000 tokens/min
2024-11-24 22:18:55,397 - INFO - Using provided rate limits: 50 requests/min, 40000 tokens/min
2024-11-24 22:19:20,930 - INFO - Using provided rate limits: 50 requests/min, 40000 tokens/min
2024-11-24 22:19:21,665 - INFO - Using provided rate limits: 50 requests/min, 40000 tokens/min
2024-11-24 22:19:22,110 - INFO - Using provided rate limits: 50 requests/min, 40000 tokens/min
2024-11-24 22:21:49,994 - INFO - Using provided rate limits: 50 requests/min, 40000 tokens/min
2024-11-24 22:22:26,504 - INFO - Using provided rate limits: 50 requests/min, 40000 tokens/min
2024-11-24 22:30:14,241 - INFO - Using provided rate limits: 50 requests/min, 40000 tokens/min
2024-11-24 22:35:04,136 - INFO - Using provided rate limits: 50 requests/min, 40000 tokens/min
2024-11-24 22:35:04,641 - INFO - Using provided rate limits: 50 requests/min, 40000 tokens/min
2024-11-24 22:35:05,111 - INFO - Using provided rate limits: 50 requests/min, 40000 tokens/min
2024-11-24 22:35:50,217 - INFO - Using provided rate limits: 50 requests/min, 40000 tokens/min
2024-11-24 22:38:36,588 - INFO - Using provided rate limits: 50 requests/min, 40000 tokens/min
2024-11-24 22:39:11,353 - INFO - Using provided rate limits: 50 requests/min, 40000 tokens/min
2024-11-24 22:39:11,865 - INFO - Using provided rate limits: 50 requests/min, 40000 tokens/min
2024-11-24 22:39:12,327 - INFO - Using provided rate limits: 50 requests/min, 40000 tokens/min
2024-11-24 22:42:31,806 - INFO - Using provided rate limits: 50 requests/min, 40000 tokens/min
2024-11-24 22:42:55,964 - INFO - Using provided rate limits: 50 requests/min, 40000 tokens/min
2024-11-24 22:42:56,649 - INFO - Using provided rate limits: 50 requests/min, 40000 tokens/min
2024-11-24 22:42:57,091 - INFO - Using provided rate limits: 50 requests/min, 40000 tokens/min
2024-11-24 22:43:42,277 - INFO - Using provided rate limits: 50 requests/min, 40000 tokens/min
2024-11-24 22:44:44,128 - INFO - Using provided rate limits: 50 requests/min, 40000 tokens/min
2024-11-24 22:44:44,816 - INFO - Using provided rate limits: 50 requests/min, 40000 tokens/min
2024-11-24 22:44:45,260 - INFO - Using provided rate limits: 50 requests/min, 40000 tokens/min
2024-11-24 22:45:06,777 - INFO - Using provided rate limits: 50 requests/min, 40000 tokens/min
2024-11-24 22:45:07,455 - INFO - Using provided rate limits: 50 requests/min, 40000 tokens/min
2024-11-24 22:45:07,903 - INFO - Using provided rate limits: 50 requests/min, 40000 tokens/min
2024-11-24 22:47:12,584 - INFO - Using provided rate limits: 50 requests/min, 40000 tokens/min
2024-11-24 22:47:26,244 - INFO - Using provided rate limits: 50 requests/min, 40000 tokens/min
2024-11-24 23:08:33,240 - INFO - Using provided rate limits: 50 requests/min, 40000 tokens/min
2024-11-24 23:21:47,135 - INFO - Using provided rate limits: 50 requests/min, 40000 tokens/min
2024-11-24 23:21:47,625 - INFO - Using provided rate limits: 50 requests/min, 40000 tokens/min
2024-11-25 13:48:31,911 - INFO - Using provided rate limits: 50 requests/min, 40000 tokens/min
2024-11-25 13:48:39,215 - INFO - Successfully processed request: msg_013DV24TRSBbLtWU2UrghqRU
2024-11-25 13:48:41,446 - INFO - Using provided rate limits: 50 requests/min, 40000 tokens/min
2024-11-25 13:48:41,889 - INFO - Using provided rate limits: 50 requests/min, 40000 tokens/min
2024-11-25 13:50:06,593 - INFO - Using provided rate limits: 50 requests/min, 40000 tokens/min
2024-11-25 13:50:13,940 - INFO - Successfully processed request: msg_0176bTaKDRchf7UvQ3kbjCjn
2024-11-25 13:50:15,438 - INFO - Using provided rate limits: 50 requests/min, 40000 tokens/min
2024-11-25 13:50:15,886 - INFO - Using provided rate limits: 50 requests/min, 40000 tokens/min
2024-11-25 13:52:20,306 - INFO - Using provided rate limits: 50 requests/min, 40000 tokens/min
2024-11-25 13:52:55,019 - INFO - Using provided rate limits: 50 requests/min, 40000 tokens/min
2024-11-25 13:53:05,085 - INFO - Successfully processed request: msg_01C6BZQ8GgaWCKPBEJXQNjzF
2024-11-25 13:53:05,632 - INFO - Using provided rate limits: 50 requests/min, 40000 tokens/min
2024-11-25 13:53:06,081 - INFO - Using provided rate limits: 50 requests/min, 40000 tokens/min
2024-11-25 13:53:42,631 - INFO - Using provided rate limits: 50 requests/min, 40000 tokens/min
2024-11-25 13:53:57,895 - INFO - Using provided rate limits: 50 requests/min, 40000 tokens/min
2024-11-25 13:53:58,387 - INFO - Using provided rate limits: 50 requests/min, 40000 tokens/min
2024-11-25 13:59:11,134 - INFO - Using provided rate limits: 50 requests/min, 40000 tokens/min
2024-11-25 13:59:26,122 - INFO - Using provided rate limits: 50 requests/min, 40000 tokens/min
2024-11-25 13:59:26,566 - INFO - Using provided rate limits: 50 requests/min, 40000 tokens/min
2024-11-26 14:12:30,519 - INFO - Using provided rate limits: 50 requests/min, 40000 tokens/min
2024-11-26 14:12:45,302 - INFO - Using provided rate limits: 50 requests/min, 40000 tokens/min
2024-11-26 14:12:45,747 - INFO - Using provided rate limits: 50 requests/min, 40000 tokens/min
2024-11-26 14:32:21,408 - INFO - Using provided rate limits: 50 requests/min, 40000 tokens/min
2024-11-26 14:39:53,178 - INFO - Using provided rate limits: 50 requests/min, 40000 tokens/min
2024-11-26 14:39:59,853 - INFO - Successfully processed request: msg_01VSbP5EjQqNyh8Ds7xVDixm
2024-11-26 14:40:01,303 - INFO - Using provided rate limits: 50 requests/min, 40000 tokens/min
2024-11-26 14:40:01,748 - INFO - Using provided rate limits: 50 requests/min, 40000 tokens/min
2024-11-26 14:41:14,612 - INFO - Using provided rate limits: 50 requests/min, 40000 tokens/min
2024-11-26 14:44:06,734 - INFO - Using provided rate limits: 50 requests/min, 40000 tokens/min
2024-11-26 14:44:13,414 - INFO - Successfully processed request: msg_01WWQPSULF9w9R5etpx17dDj
2024-11-26 14:44:15,564 - INFO - Using provided rate limits: 50 requests/min, 40000 tokens/min
2024-11-26 14:44:16,005 - INFO - Using provided rate limits: 50 requests/min, 40000 tokens/min
2024-11-26 14:45:47,156 - INFO - Using provided rate limits: 50 requests/min, 40000 tokens/min
2024-11-26 14:46:18,862 - INFO - Using provided rate limits: 50 requests/min, 40000 tokens/min
2024-11-26 14:46:25,285 - INFO - Successfully processed request: msg_015dHcHuvNmfmjBR1z4ppc7s
2024-11-26 14:46:26,838 - INFO - Using provided rate limits: 50 requests/min, 40000 tokens/min
2024-11-26 14:46:27,282 - INFO - Using provided rate limits: 50 requests/min, 40000 tokens/min
2024-11-26 14:49:31,925 - INFO - Using provided rate limits: 50 requests/min, 40000 tokens/min
2024-11-26 14:50:16,731 - INFO - Using provided rate limits: 50 requests/min, 40000 tokens/min
2024-11-26 14:50:23,394 - INFO - Successfully processed request: msg_01WZZj5PiHKLPYWbHVvyGMb9
2024-11-26 14:50:26,122 - INFO - Using provided rate limits: 50 requests/min, 40000 tokens/min
2024-11-26 14:50:26,605 - INFO - Using provided rate limits: 50 requests/min, 40000 tokens/min
2024-11-26 16:37:54,232 - INFO - Using provided rate limits: 50 requests/min, 40000 tokens/min
2024-11-26 17:52:53,763 - INFO - Using provided rate limits: 50 requests/min, 40000 tokens/min
2024-11-26 17:53:50,894 - INFO - Using provided rate limits: 50 requests/min, 40000 tokens/min
2024-11-26 17:53:58,305 - INFO - Successfully processed request: msg_01CPo2sEt6c9Bg21x5DYkxXR
2024-11-26 17:54:00,581 - INFO - Using provided rate limits: 50 requests/min, 40000 tokens/min
2024-11-26 17:54:01,032 - INFO - Using provided rate limits: 50 requests/min, 40000 tokens/min
2024-11-26 18:02:37,290 - INFO - Using provided rate limits: 50 requests/min, 40000 tokens/min
2024-11-26 18:03:03,506 - INFO - Using provided rate limits: 50 requests/min, 40000 tokens/min
2024-11-26 18:03:11,067 - INFO - Successfully processed request: msg_01Q1b2qKwYr1zGXoeqUnMzp7
2024-11-26 18:03:12,041 - INFO - Using provided rate limits: 50 requests/min, 40000 tokens/min
2024-11-26 18:03:12,485 - INFO - Using provided rate limits: 50 requests/min, 40000 tokens/min
2024-11-26 18:08:29,127 - INFO - Using provided rate limits: 50 requests/min, 40000 tokens/min
2024-11-26 18:08:35,574 - INFO - Successfully processed request: msg_01E9kiE9JVStdFtyJub29brA
2024-11-26 18:08:36,938 - INFO - Using provided rate limits: 50 requests/min, 40000 tokens/min
2024-11-26 18:08:37,382 - INFO - Using provided rate limits: 50 requests/min, 40000 tokens/min
2024-11-26 18:19:48,061 - INFO - Using provided rate limits: 50 requests/min, 40000 tokens/min
2024-11-26 18:19:48,569 - INFO - Using provided rate limits: 50 requests/min, 40000 tokens/min
2024-11-26 18:19:49,013 - INFO - Using provided rate limits: 50 requests/min, 40000 tokens/min
2024-11-26 18:21:09,484 - INFO - Using provided rate limits: 50 requests/min, 40000 tokens/min
2024-11-26 18:22:25,983 - INFO - Using provided rate limits: 50 requests/min, 40000 tokens/min
2024-11-26 18:22:32,287 - INFO - Successfully processed request: msg_017sxFcd9P3ANhy2jMUsPfkf
2024-11-26 18:22:33,143 - INFO - Using provided rate limits: 50 requests/min, 40000 tokens/min
2024-11-26 18:22:33,586 - INFO - Using provided rate limits: 50 requests/min, 40000 tokens/min
2024-11-26 20:20:08,067 - INFO - Using provided rate limits: 50 requests/min, 40000 tokens/min
2024-11-26 20:20:15,921 - INFO - Using provided rate limits: 50 requests/min, 40000 tokens/min
2024-11-26 20:20:16,371 - INFO - Using provided rate limits: 50 requests/min, 40000 tokens/min
2024-11-26 20:29:43,972 - INFO - Using provided rate limits: 50 requests/min, 40000 tokens/min
2024-11-26 20:29:52,935 - INFO - Successfully processed request: msg_01RM8nbD1ojxC5DxKzugstZe
2024-11-26 20:29:52,938 - INFO - Successfully processed request: msg_01DugWpUuU3fqtpQ65CVFRDJ
2024-11-26 20:29:56,829 - INFO - Using provided rate limits: 50 requests/min, 40000 tokens/min
2024-11-26 20:29:57,280 - INFO - Using provided rate limits: 50 requests/min, 40000 tokens/min
2024-11-26 20:32:02,868 - INFO - Using provided rate limits: 50 requests/min, 40000 tokens/min
2024-11-26 20:32:47,554 - INFO - Using provided rate limits: 50 requests/min, 40000 tokens/min
2024-11-26 20:33:14,291 - INFO - Using provided rate limits: 50 requests/min, 40000 tokens/min
2024-11-26 20:33:15,992 - INFO - Successfully processed request: msg_01CmxLrhU1GhHnkJqbLNSFXC
2024-11-26 20:33:16,074 - INFO - Successfully processed request: msg_01353YTbXC3o7gggpLy5VVfN
2024-11-26 20:33:16,608 - INFO - Successfully processed request: msg_01N37sje9sYsBfTxDcDHhhZM
2024-11-26 20:33:17,134 - INFO - Using provided rate limits: 50 requests/min, 40000 tokens/min
2024-11-26 20:33:17,605 - INFO - Using provided rate limits: 50 requests/min, 40000 tokens/min
2024-11-26 20:34:15,213 - INFO - Using provided rate limits: 50 requests/min, 40000 tokens/min
2024-11-26 20:34:54,360 - INFO - Using provided rate limits: 50 requests/min, 40000 tokens/min
2024-11-26 20:35:34,836 - INFO - Using provided rate limits: 50 requests/min, 40000 tokens/min
2024-11-26 20:35:36,383 - INFO - Successfully processed request: msg_012EJr7trjPc1UwzrapdppGS
2024-11-26 20:35:36,388 - INFO - Successfully processed request: msg_01W9v7NaDVgru1M5bhZCg8zk
2024-11-26 20:35:36,390 - INFO - Successfully processed request: msg_01BEFheKb9qtK2QuCup61uJV
2024-11-26 20:35:36,894 - INFO - Using provided rate limits: 50 requests/min, 40000 tokens/min
2024-11-26 20:35:37,365 - INFO - Using provided rate limits: 50 requests/min, 40000 tokens/min
2024-11-26 20:36:16,857 - INFO - Using provided rate limits: 50 requests/min, 40000 tokens/min
2024-11-26 20:36:18,472 - INFO - Successfully processed request: msg_011TzdKYmrRGQXKUERLy9qpg
2024-11-26 20:36:18,599 - INFO - Successfully processed request: msg_01FZE254Qy6KUKQshcn4vp2m
2024-11-26 20:36:18,618 - INFO - Successfully processed request: msg_01Svg4qrYEn6KAEns6u7P21i
2024-11-26 20:36:19,149 - INFO - Using provided rate limits: 50 requests/min, 40000 tokens/min
2024-11-26 20:36:19,618 - INFO - Using provided rate limits: 50 requests/min, 40000 tokens/min
2024-11-26 20:37:20,978 - INFO - Using provided rate limits: 50 requests/min, 40000 tokens/min
2024-11-26 20:37:47,634 - INFO - Using provided rate limits: 50 requests/min, 40000 tokens/min
2024-11-26 20:37:49,095 - INFO - Successfully processed request: msg_01HmVnkQiYYmBSeadazwVHo1
2024-11-26 20:37:49,102 - INFO - Successfully processed request: msg_01FfKkNWfyvmQrHUcTouquJz
2024-11-26 20:37:49,105 - INFO - Successfully processed request: msg_01UjGf4W117US78B86z5c8aA
2024-11-26 20:38:08,662 - INFO - Using provided rate limits: 50 requests/min, 40000 tokens/min
2024-11-26 20:38:09,113 - INFO - Using provided rate limits: 50 requests/min, 40000 tokens/min
